# JRE version: Java(TM) SE Runtime Environment (17.0.8+9) (build 17.0.8+9-LTS-211)
# Java VM: Java HotSpot(TM) 64-Bit Server VM (17.0.8+9-LTS-211, mixed mode, sharing, tiered, compressed oops, compressed class ptrs, g1 gc, windows-amd64)
GC Precious Log:
 CPUs: 4 total, 4 available
 Memory: 16297M
 Large Page Support: Disabled
 NUMA Support: Disabled
 Compressed Oops: Enabled (Zero based)
 Heap Region Size: 2M
 Heap Min Capacity: 8M
 Heap Initial Capacity: 256M
 Heap Max Capacity: 4076M
 Pre-touch: Disabled
 Parallel Workers: 4
 Concurrent Workers: 1
 Concurrent Refinement Workers: 4
 Periodic GC: Disabled
Heap:
 garbage-first heap   total 264192K, used 128664K [0x0000000701400000, 0x0000000800000000)
  region size 2048K, 26 young (53248K), 1 survivors (2048K)
 Metaspace       used 75978K, committed 76672K, reserved 1179648K
  class space    used 9197K, committed 9536K, reserved 1048576K
GC Heap History (20 events):
Event: 9.000 GC heap before
{Heap before GC invocations=15 (full 0):
 garbage-first heap   total 159744K, used 124512K [0x0000000701400000, 0x0000000800000000)
  region size 2048K, 18 young (36864K), 1 survivors (2048K)
 Metaspace       used 30842K, committed 31424K, reserved 1114112K
  class space    used 3462K, committed 3712K, reserved 1048576K
}
Event: 9.007 GC heap after
{Heap after GC invocations=16 (full 0):
 garbage-first heap   total 159744K, used 93320K [0x0000000701400000, 0x0000000800000000)
  region size 2048K, 3 young (6144K), 3 survivors (6144K)
 Metaspace       used 30842K, committed 31424K, reserved 1114112K
  class space    used 3462K, committed 3712K, reserved 1048576K
}
Event: 9.040 GC heap before
{Heap before GC invocations=16 (full 0):
 garbage-first heap   total 159744K, used 95368K [0x0000000701400000, 0x0000000800000000)
  region size 2048K, 4 young (8192K), 3 survivors (6144K)
 Metaspace       used 31043K, committed 31488K, reserved 1114112K
  class space    used 3486K, committed 3712K, reserved 1048576K
}
Event: 9.047 GC heap after
{Heap after GC invocations=17 (full 0):
 garbage-first heap   total 159744K, used 84453K [0x0000000701400000, 0x0000000800000000)
  region size 2048K, 1 young (2048K), 1 survivors (2048K)
 Metaspace       used 31043K, committed 31488K, reserved 1114112K
  class space    used 3486K, committed 3712K, reserved 1048576K
}
Event: 23.631 GC heap before
{Heap before GC invocations=17 (full 0):
 garbage-first heap   total 159744K, used 121317K [0x0000000701400000, 0x0000000800000000)
  region size 2048K, 19 young (38912K), 1 survivors (2048K)
 Metaspace       used 33327K, committed 33728K, reserved 1114112K
  class space    used 3706K, committed 3904K, reserved 1048576K
}
Event: 23.633 GC heap after
{Heap after GC invocations=18 (full 0):
 garbage-first heap   total 159744K, used 84634K [0x0000000701400000, 0x0000000800000000)
  region size 2048K, 1 young (2048K), 1 survivors (2048K)
 Metaspace       used 33327K, committed 33728K, reserved 1114112K
  class space    used 3706K, committed 3904K, reserved 1048576K
}
Event: 24.111 GC heap before
{Heap before GC invocations=19 (full 0):
 garbage-first heap   total 159744K, used 146074K [0x0000000701400000, 0x0000000800000000)
  region size 2048K, 19 young (38912K), 1 survivors (2048K)
 Metaspace       used 33618K, committed 33984K, reserved 1114112K
  class space    used 3784K, committed 3968K, reserved 1048576K
}
Event: 24.115 GC heap after
{Heap after GC invocations=20 (full 0):
 garbage-first heap   total 159744K, used 82126K [0x0000000701400000, 0x0000000800000000)
  region size 2048K, 2 young (4096K), 2 survivors (4096K)
 Metaspace       used 33618K, committed 33984K, reserved 1114112K
  class space    used 3784K, committed 3968K, reserved 1048576K
}
Event: 24.134 GC heap before
{Heap before GC invocations=20 (full 0):
 garbage-first heap   total 159744K, used 84174K [0x0000000701400000, 0x0000000800000000)
  region size 2048K, 3 young (6144K), 2 survivors (4096K)
 Metaspace       used 33618K, committed 33984K, reserved 1114112K
  class space    used 3784K, committed 3968K, reserved 1048576K
}
Event: 24.140 GC heap after
{Heap after GC invocations=21 (full 0):
 garbage-first heap   total 264192K, used 67748K [0x0000000701400000, 0x0000000800000000)
  region size 2048K, 1 young (2048K), 1 survivors (2048K)
 Metaspace       used 33618K, committed 33984K, reserved 1114112K
  class space    used 3784K, committed 3968K, reserved 1048576K
}
Event: 24.220 GC heap before
{Heap before GC invocations=21 (full 0):
 garbage-first heap   total 264192K, used 77988K [0x0000000701400000, 0x0000000800000000)
  region size 2048K, 6 young (12288K), 1 survivors (2048K)
 Metaspace       used 33631K, committed 34048K, reserved 1114112K
  class space    used 3784K, committed 3968K, reserved 1048576K
}
Event: 24.223 GC heap after
{Heap after GC invocations=22 (full 0):
 garbage-first heap   total 264192K, used 64092K [0x0000000701400000, 0x0000000800000000)
  region size 2048K, 1 young (2048K), 1 survivors (2048K)
 Metaspace       used 33631K, committed 34048K, reserved 1114112K
  class space    used 3784K, committed 3968K, reserved 1048576K
}
Event: 26.382 GC heap before
{Heap before GC invocations=22 (full 0):
 garbage-first heap   total 264192K, used 209500K [0x0000000701400000, 0x0000000800000000)
  region size 2048K, 66 young (135168K), 1 survivors (2048K)
 Metaspace       used 50119K, committed 50560K, reserved 1114112K
  class space    used 5582K, committed 5760K, reserved 1048576K
}
Event: 26.392 GC heap after
{Heap after GC invocations=23 (full 0):
 garbage-first heap   total 264192K, used 78234K [0x0000000701400000, 0x0000000800000000)
  region size 2048K, 5 young (10240K), 5 survivors (10240K)
 Metaspace       used 50119K, committed 50560K, reserved 1114112K
  class space    used 5582K, committed 5760K, reserved 1048576K
}
Event: 27.140 GC heap before
{Heap before GC invocations=23 (full 0):
 garbage-first heap   total 264192K, used 108954K [0x0000000701400000, 0x0000000800000000)
  region size 2048K, 22 young (45056K), 5 survivors (10240K)
 Metaspace       used 53780K, committed 54400K, reserved 1114112K
  class space    used 6084K, committed 6400K, reserved 1048576K
}
Event: 27.150 GC heap after
{Heap after GC invocations=24 (full 0):
 garbage-first heap   total 264192K, used 85650K [0x0000000701400000, 0x0000000800000000)
  region size 2048K, 8 young (16384K), 8 survivors (16384K)
 Metaspace       used 53780K, committed 54400K, reserved 1114112K
  class space    used 6084K, committed 6400K, reserved 1048576K
}
Event: 31.758 GC heap before
{Heap before GC invocations=25 (full 0):
 garbage-first heap   total 264192K, used 163474K [0x0000000701400000, 0x0000000800000000)
  region size 2048K, 48 young (98304K), 8 survivors (16384K)
 Metaspace       used 67052K, committed 67840K, reserved 1114112K
  class space    used 7631K, committed 8000K, reserved 1048576K
}
Event: 31.769 GC heap after
{Heap after GC invocations=26 (full 0):
 garbage-first heap   total 264192K, used 86762K [0x0000000701400000, 0x0000000800000000)
  region size 2048K, 3 young (6144K), 3 survivors (6144K)
 Metaspace       used 67052K, committed 67840K, reserved 1114112K
  class space    used 7631K, committed 8000K, reserved 1048576K
}
Event: 31.927 GC heap before
{Heap before GC invocations=26 (full 0):
 garbage-first heap   total 264192K, used 90858K [0x0000000701400000, 0x0000000800000000)
  region size 2048K, 6 young (12288K), 3 survivors (6144K)
 Metaspace       used 68715K, committed 69440K, reserved 1114112K
  class space    used 7845K, committed 8192K, reserved 1048576K
}
Event: 31.932 GC heap after
{Heap after GC invocations=27 (full 0):
 garbage-first heap   total 264192K, used 79512K [0x0000000701400000, 0x0000000800000000)
  region size 2048K, 1 young (2048K), 1 survivors (2048K)
 Metaspace       used 68715K, committed 69440K, reserved 1114112K
  class space    used 7845K, committed 8192K, reserved 1048576K
}

